[2026-03-24T17:25:59.754Z] ========================================
[2026-03-24T17:25:59.755Z] TODO DASHBOARD SERVER STARTED
[2026-03-24T17:25:59.755Z] Port: 3001
[2026-03-24T17:25:59.755Z] URL: http://localhost:3001
[2026-03-24T17:25:59.755Z] Cron Schedule: Every hour (0 * * * *)
[2026-03-24T17:25:59.755Z] ========================================
[2026-03-24T17:35:44.029Z] ========================================
[2026-03-24T17:35:44.029Z] TODO DASHBOARD SERVER STARTED
[2026-03-24T17:35:44.030Z] Port: 3001
[2026-03-24T17:35:44.030Z] URL: http://localhost:3001
[2026-03-24T17:35:44.030Z] Cron Schedule: Every hour (0 * * * *)
[2026-03-24T17:35:44.030Z] ========================================
[2026-03-24T17:37:05.023Z] ========================================
[2026-03-24T17:37:05.023Z] TODO DASHBOARD SERVER STARTED
[2026-03-24T17:37:05.023Z] Port: 3001
[2026-03-24T17:37:05.023Z] URL: http://localhost:3001
[2026-03-24T17:37:05.023Z] Cron Schedule: Every hour (0 * * * *)
[2026-03-24T17:37:05.023Z] ========================================
[2026-03-24T17:43:29.112Z] ========================================
[2026-03-24T17:43:29.113Z] TODO DASHBOARD SERVER STARTED
[2026-03-24T17:43:29.113Z] Port: 3001
[2026-03-24T17:43:29.113Z] URL: http://localhost:3001
[2026-03-24T17:43:29.113Z] Cron Schedule: Every hour (0 * * * *)
[2026-03-24T17:43:29.113Z] ========================================
[2026-03-24T18:00:00.017Z] ------- HOURLY CRON JOB TRIGGERED -------
[2026-03-24T18:00:00.019Z] CRON CHECK: No pending tasks
[2026-03-24T18:00:00.019Z] ------- HOURLY CRON JOB COMPLETE -------
[2026-03-24T19:00:00.053Z] ------- HOURLY CRON JOB TRIGGERED -------
[2026-03-24T19:00:00.055Z] CRON CHECK: No pending tasks
[2026-03-24T19:00:00.055Z] ------- HOURLY CRON JOB COMPLETE -------
